<?xml version="1.0" encoding="UTF-8"?>
<!-- Generated by org.testng.reporters.JUnitReportReporter -->
<testsuite hostname="LAPTOP-9AB7N4JO" failures="0" tests="1" name="TestRunner.Test" time="63.514" errors="0" timestamp="2025-07-01T17:32:24 IST" skipped="0">
  <testcase classname="TestRunner.Test" name="runScenario" time="63.514"/>
</testsuite> <!-- TestRunner.Test -->
