<?xml version="1.0" encoding="UTF-8"?>
<!-- Generated by org.testng.reporters.JUnitReportReporter -->
<testsuite hostname="LAPTOP-9AB7N4JO" failures="0" tests="1" name="TestRunner.Test" time="14.211" errors="0" timestamp="2025-06-27T17:30:33 IST" skipped="0">
  <testcase classname="TestRunner.Test" name="runScenario" time="14.211"/>
</testsuite> <!-- TestRunner.Test -->
